2021-09-23T13:49:42.826Z [DEBUG] Adding temp file log sink: /tmp/terraform-log473538937
2021-09-23T13:49:42.826Z [INFO]  Terraform version: 1.0.5
2021-09-23T13:49:42.826Z [INFO]  Go runtime version: go1.16.4
2021-09-23T13:49:42.826Z [INFO]  CLI args: []string{"/usr/bin/terraform", "plan"}
2021-09-23T13:49:42.826Z [TRACE] Stdout is a terminal of width 237
2021-09-23T13:49:42.826Z [TRACE] Stderr is a terminal of width 237
2021-09-23T13:49:42.826Z [TRACE] Stdin is a terminal
2021-09-23T13:49:42.826Z [DEBUG] Attempting to open CLI config file: /root/.terraformrc
2021-09-23T13:49:42.826Z [DEBUG] File doesn't exist, but doesn't need to. Ignoring.
2021-09-23T13:49:42.826Z [DEBUG] ignoring non-existing provider search directory terraform.d/plugins
2021-09-23T13:49:42.826Z [DEBUG] ignoring non-existing provider search directory /root/.terraform.d/plugins
2021-09-23T13:49:42.826Z [DEBUG] ignoring non-existing provider search directory /root/.local/share/terraform/plugins
2021-09-23T13:49:42.826Z [DEBUG] ignoring non-existing provider search directory /usr/local/share/terraform/plugins
2021-09-23T13:49:42.826Z [DEBUG] ignoring non-existing provider search directory /usr/share/terraform/plugins
2021-09-23T13:49:42.826Z [INFO]  CLI command args: []string{"plan"}
2021-09-23T13:49:42.829Z [TRACE] Meta.Backend: no config given or present on disk, so returning nil config
2021-09-23T13:49:42.829Z [TRACE] Meta.Backend: backend has not previously been initialized in this working directory
2021-09-23T13:49:42.829Z [DEBUG] New state was assigned lineage "74693c49-3031-7788-d2e4-e01ce521546c"
2021-09-23T13:49:42.829Z [TRACE] Meta.Backend: using default local state only (no backend configuration, and no existing initialized backend)
2021-09-23T13:49:42.829Z [TRACE] Meta.Backend: instantiated backend of type <nil>
2021-09-23T13:49:42.829Z [DEBUG] checking for provisioner in "."
2021-09-23T13:49:42.831Z [DEBUG] checking for provisioner in "/usr/bin"
2021-09-23T13:49:42.831Z [INFO]  Failed to read plugin lock file .terraform/plugins/linux_amd64/lock.json: open .terraform/plugins/linux_amd64/lock.json: no such file or directory
2021-09-23T13:49:42.831Z [TRACE] Meta.Backend: backend <nil> does not support operations, so wrapping it in a local backend
2021-09-23T13:49:42.832Z [INFO]  backend/local: starting Plan operation
2021-09-23T13:49:42.832Z [TRACE] backend/local: requesting state manager for workspace "default"
2021-09-23T13:49:42.832Z [TRACE] backend/local: state manager for workspace "default" will:
 - read initial snapshot from terraform.tfstate
 - write new snapshots to terraform.tfstate
 - create any backup at terraform.tfstate.backup
2021-09-23T13:49:42.832Z [TRACE] backend/local: requesting state lock for workspace "default"
2021-09-23T13:49:42.832Z [TRACE] statemgr.Filesystem: preparing to manage state snapshots at terraform.tfstate
2021-09-23T13:49:42.832Z [TRACE] statemgr.Filesystem: no previously-stored snapshot exists
2021-09-23T13:49:42.832Z [TRACE] statemgr.Filesystem: locking terraform.tfstate using fcntl flock
2021-09-23T13:49:42.832Z [TRACE] statemgr.Filesystem: writing lock metadata to .terraform.tfstate.lock.info
2021-09-23T13:49:42.832Z [TRACE] backend/local: reading remote state for workspace "default"
2021-09-23T13:49:42.832Z [TRACE] statemgr.Filesystem: reading latest snapshot from terraform.tfstate
2021-09-23T13:49:42.832Z [TRACE] statemgr.Filesystem: snapshot file has nil snapshot, but that's okay
2021-09-23T13:49:42.832Z [TRACE] statemgr.Filesystem: read nil snapshot
2021-09-23T13:49:42.832Z [TRACE] backend/local: retrieving local state snapshot for workspace "default"
2021-09-23T13:49:42.832Z [TRACE] backend/local: building context for current working directory
2021-09-23T13:49:42.832Z [DEBUG] backend/local: will prompt for input of unset required variables [name creation_token region subnets security_groups vpc_id availability_zones]
2021-09-23T13:49:42.833Z [DEBUG] command: asking for input: "var.availability_zones"
2021-09-23T13:49:46.917Z [WARN]  backend/local: Failed to request user input for variable "availability_zones": interrupted
2021-09-23T13:49:46.917Z [WARN]  backend/local: Failed to request user input for variable "creation_token": interrupted
2021-09-23T13:49:46.917Z [WARN]  backend/local: Failed to request user input for variable "name": interrupted
2021-09-23T13:49:46.917Z [WARN]  backend/local: Failed to request user input for variable "region": interrupted
2021-09-23T13:49:46.917Z [WARN]  backend/local: Failed to request user input for variable "security_groups": interrupted
2021-09-23T13:49:46.917Z [WARN]  backend/local: Failed to request user input for variable "subnets": interrupted
2021-09-23T13:49:46.917Z [WARN]  backend/local: Failed to request user input for variable "vpc_id": interrupted
2021-09-23T13:49:46.917Z [TRACE] statemgr.Filesystem: removing lock metadata file .terraform.tfstate.lock.info
2021-09-23T13:49:46.917Z [TRACE] statemgr.Filesystem: unlocking terraform.tfstate using fcntl flock
